<?xml version="1.0" encoding="UTF-8"?>
<!-- Generated by org.testng.reporters.JUnitReportReporter -->
<testsuite hostname="DESKTOP-8RBDH76" failures="0" tests="1" name="com.finalproject.testcases.ValidaterUserEnrollementTest" time="28.351" errors="0" timestamp="2019-09-30T01:39:53 SAST" skipped="0">
  <testcase classname="com.finalproject.testcases.ValidaterUserEnrollementTest" name="validateUserEnrollment" time="28.351"/>
</testsuite> <!-- com.finalproject.testcases.ValidaterUserEnrollementTest -->
