<?xml version="1.0" encoding="UTF-8"?>
<!-- Generated by org.testng.reporters.JUnitReportReporter -->
<testsuite skipped="0" hostname="0429535-9RNLK72" name="com.finalproject.testcases.ValidaterUserEnrollementTest" tests="1" failures="0" timestamp="2019-09-30T13:51:02 CAT" time="31.718" errors="0">
  <testcase name="validateUserEnrollment" time="31.718" classname="com.finalproject.testcases.ValidaterUserEnrollementTest"/>
</testsuite> <!-- com.finalproject.testcases.ValidaterUserEnrollementTest -->
