<?xml version="1.0" encoding="UTF-8"?>
<!-- Generated by org.testng.reporters.JUnitReportReporter -->
<testsuite skipped="0" hostname="0429535-9RNLK72" name="com.finalproject.testcases.ListOfSeleniumBlogsTest" tests="1" failures="0" timestamp="2019-10-01T08:48:13 CAT" time="57.862" errors="0">
  <testcase name="ListSeleniumBlogs" time="57.862" classname="com.finalproject.testcases.ListOfSeleniumBlogsTest"/>
</testsuite> <!-- com.finalproject.testcases.ListOfSeleniumBlogsTest -->
