<?xml version="1.0" encoding="UTF-8"?>
<!-- Generated by org.testng.reporters.JUnitReportReporter -->
<testsuite skipped="0" hostname="0429535-9RNLK72" name="com.finalproject.testcases.ListOfSeleniumBlogsTest" tests="1" failures="0" timestamp="2019-09-30T16:31:31 CAT" time="27.306" errors="0">
  <testcase name="ListSeleniumBlogs" time="27.306" classname="com.finalproject.testcases.ListOfSeleniumBlogsTest"/>
</testsuite> <!-- com.finalproject.testcases.ListOfSeleniumBlogsTest -->
